<?xml version="1.0" encoding="UTF-8"?>
<testsuite xmlns:xsi="http://www.w3.org/2001/XMLSchema-instance" xsi:noNamespaceSchemaLocation="https://maven.apache.org/surefire/maven-surefire-plugin/xsd/surefire-test-report.xsd" version="3.0.2" name="test.ServerClosedTournamentTest" time="2.048" tests="1" errors="0" skipped="0" failures="0">
  <properties>
[...]
</properties>
  <testcase name="testRegisterToClosedTournamentReturnsFalse" classname="test.ServerClosedTournamentTest" time="0.646">
    <system-out><![CDATA[08:10:05.701 [main] INFO org.springframework.boot.devtools.restart.RestartApplicationListener -- Restart disabled due to context in which it is running

  .   ____          _            __ _ _
 /\\ / ___'_ __ _ _(_)_ __  __ _ \ \ \ \
( ( )\___ | '_ | '_| | '_ \/ _` | \ \ \ \
 \\/  ___)| |_)| | | | | || (_| |  ) ) ) )
  '  |____| .__|_| |_|_| |_\__, | / / / /
 =========|_|==============|___/=/_/_/_/

 :: Spring Boot ::                (v4.0.3)

2026-04-17T08:10:05.917-04:00  INFO 68515 --- [NetworkedTournamentServer] [           main] test.ServerClosedTournamentTest          : Starting ServerClosedTournamentTest using Java 25.0.2 with PID 68515 (started by omkar in /Users/omkar/Desktop/CSC 360/sprint_2)
2026-04-17T08:10:05.918-04:00  INFO 68515 --- [NetworkedTournamentServer] [           main] test.ServerClosedTournamentTest          : No active profile set, falling back to 1 default profile: "default"
2026-04-17T08:10:06.429-04:00  INFO 68515 --- [NetworkedTournamentServer] [           main] o.s.boot.tomcat.TomcatWebServer          : Tomcat initialized with port 0 (http)
2026-04-17T08:10:06.440-04:00  INFO 68515 --- [NetworkedTournamentServer] [           main] o.apache.catalina.core.StandardService   : Starting service [Tomcat]
2026-04-17T08:10:06.440-04:00  INFO 68515 --- [NetworkedTournamentServer] [           main] o.apache.catalina.core.StandardEngine    : Starting Servlet engine: [Apache Tomcat/11.0.18]
2026-04-17T08:10:06.465-04:00  INFO 68515 --- [NetworkedTournamentServer] [           main] b.w.c.s.WebApplicationContextInitializer : Root WebApplicationContext: initialization completed in 532 ms
2026-04-17T08:10:06.696-04:00  INFO 68515 --- [NetworkedTournamentServer] [           main] o.s.boot.tomcat.TomcatWebServer          : Tomcat started on port 60882 (http) with context path '/'
2026-04-17T08:10:06.699-04:00  INFO 68515 --- [NetworkedTournamentServer] [           main] test.ServerClosedTournamentTest          : Started ServerClosedTournamentTest in 1.007 seconds (process running for 2.059)
2026-04-17T08:10:07.249-04:00  INFO 68515 --- [NetworkedTournamentServer] [o-auto-1-exec-1] o.a.c.c.C.[Tomcat].[localhost].[/]       : Initializing Spring DispatcherServlet 'dispatcherServlet'
2026-04-17T08:10:07.249-04:00  INFO 68515 --- [NetworkedTournamentServer] [o-auto-1-exec-1] o.s.web.servlet.DispatcherServlet        : Initializing Servlet 'dispatcherServlet'
2026-04-17T08:10:07.250-04:00  INFO 68515 --- [NetworkedTournamentServer] [o-auto-1-exec-1] o.s.web.servlet.DispatcherServlet        : Completed initialization in 1 ms

Match: First vs AutoBot0
Match Score - First: 9, AutoBot0: 9

Match: First vs AutoBot1
Match Score - First: 9, AutoBot1: 9

Match: AutoBot0 vs AutoBot1
Match Score - AutoBot0: 9, AutoBot1: 9

 ## Final Standings ##
1. First: 18 points
2. AutoBot0: 18 points
3. AutoBot1: 18 points
]]></system-out>
    <system-err><![CDATA[Mockito is currently self-attaching to enable the inline-mock-maker. This will no longer work in future releases of the JDK. Please add Mockito as an agent to your build as described in Mockito's documentation: https://javadoc.io/doc/org.mockito/mockito-core/latest/org.mockito/org/mockito/Mockito.html#0.3
WARNING: A Java agent has been loaded dynamically (/Users/omkar/.m2/repository/net/bytebuddy/byte-buddy-agent/1.17.8/byte-buddy-agent-1.17.8.jar)
WARNING: If a serviceability tool is in use, please run with -XX:+EnableDynamicAgentLoading to hide this warning
WARNING: If a serviceability tool is not in use, please run with -Djdk.instrument.traceUsage for more information
WARNING: Dynamic loading of agents will be disallowed by default in a future release
[RemoteBot] Could not reach : I/O error on GET request for "http:///action": Failed to select a proxy — defaulting to COOPERATE
[RemoteBot] Could not reach : I/O error on GET request for "http:///action": Failed to select a proxy — defaulting to COOPERATE
[RemoteBot] Could not reach : I/O error on GET request for "http:///action": Failed to select a proxy — defaulting to COOPERATE
[RemoteBot] Could not reach : I/O error on GET request for "http:///action": Failed to select a proxy — defaulting to COOPERATE
[RemoteBot] Could not reach : I/O error on GET request for "http:///action": Failed to select a proxy — defaulting to COOPERATE
[RemoteBot] Could not reach : I/O error on GET request for "http:///action": Failed to select a proxy — defaulting to COOPERATE
]]></system-err>
  </testcase>
</testsuite>