-------------------------------------------------------------------------------
Test set: test.ClientServerIntegrationTest
-------------------------------------------------------------------------------
Tests run: 2, Failures: 1, Errors: 0, Skipped: 0, Time elapsed: 0.037 s <<< FAILURE! -- in test.ClientServerIntegrationTest
test.ClientServerIntegrationTest.testRunRegistersSuccessfully -- Time elapsed: 0.023 s <<< FAILURE!
org.opentest4j.AssertionFailedError: Should confirm registration ==> expected: <true> but was: <false>
	at org.junit.jupiter.api.AssertionFailureBuilder.build(AssertionFailureBuilder.java:158)
	at org.junit.jupiter.api.AssertionFailureBuilder.buildAndThrow(AssertionFailureBuilder.java:139)
	at org.junit.jupiter.api.AssertTrue.failNotTrue(AssertTrue.java:69)
	at org.junit.jupiter.api.AssertTrue.assertTrue(AssertTrue.java:41)
	at org.junit.jupiter.api.Assertions.assertTrue(Assertions.java:228)
	at test.ClientServerIntegrationTest.testRunRegistersSuccessfully(ClientServerIntegrationTest.java:60)

