<?xml version="1.0" encoding="UTF-8"?>
<testsuite xmlns:xsi="http://www.w3.org/2001/XMLSchema-instance" xsi:noNamespaceSchemaLocation="https://maven.apache.org/surefire/maven-surefire-plugin/xsd/surefire-test-report.xsd" version="3.0.2" name="test.RoundRobinTournamentTest" time="0.041" tests="6" errors="0" skipped="0" failures="0">
  <properties>
[...]
</properties>
  <testcase name="testTournamentWithThreePlayers" classname="test.RoundRobinTournamentTest" time="0.021"/>
  <testcase name="testTitForTatPerformance" classname="test.RoundRobinTournamentTest" time="0.001">
    <system-out><![CDATA[
Match: Cooperator vs Defector
Match Score - Cooperator: 0, Defector: 25

Match: Cooperator vs TitForTat
Match Score - Cooperator: 15, TitForTat: 15

Match: Defector vs TitForTat
Match Score - Defector: 9, TitForTat: 4

 ## Final Standings ##
1. Defector: 34 points
2. TitForTat: 19 points
3. Cooperator: 15 points
]]></system-out>
  </testcase>
  <testcase name="testTournamentWithTwoPlayers" classname="test.RoundRobinTournamentTest" time="0.001">
    <system-out><![CDATA[
Match: R1 vs R2
Match Score - R1: 15, R2: 15

 ## Final Standings ##
1. R1: 15 points
2. R2: 15 points
]]></system-out>
  </testcase>
  <testcase name="testFinalStandings" classname="test.RoundRobinTournamentTest" time="0.001"/>
  <testcase name="testTournamentWithFourPlayers" classname="test.RoundRobinTournamentTest" time="0.001">
    <system-out><![CDATA[
Match: C1 vs C2
Match Score - C1: 15, C2: 15

Match: C1 vs D1
Match Score - C1: 0, D1: 25

Match: C1 vs TFT
Match Score - C1: 15, TFT: 15

Match: C2 vs D1
Match Score - C2: 0, D1: 25

Match: C2 vs TFT
Match Score - C2: 15, TFT: 15

Match: D1 vs TFT
Match Score - D1: 9, TFT: 4

 ## Final Standings ##
1. D1: 59 points
2. TFT: 34 points
3. C1: 30 points
4. C2: 30 points
]]></system-out>
  </testcase>
  <testcase name="testDefectorWinsAgainstCooperators" classname="test.RoundRobinTournamentTest" time="0.001">
    <system-out><![CDATA[
Match: C1 vs C2
Match Score - C1: 15, C2: 15

Match: C1 vs Defector
Match Score - C1: 0, Defector: 25

Match: C2 vs Defector
Match Score - C2: 0, Defector: 25

 ## Final Standings ##
1. Defector: 50 points
2. C1: 15 points
3. C2: 15 points
]]></system-out>
  </testcase>
</testsuite>